<?xml version="1.0" encoding="UTF-8"?>
<testng-results ignored="0" total="1" passed="1" failed="0" skipped="0">
  <reporter-output>
  </reporter-output>
  <suite started-at="2021-02-22T19:58:26Z" name="Default suite" finished-at="2021-02-22T19:59:16Z" duration-ms="50705">
    <groups>
    </groups>
    <test started-at="2021-02-22T19:58:26Z" name="Default test" finished-at="2021-02-22T19:59:16Z" duration-ms="50705">
      <class name="com.tripadvisor.qa.base.LoginApplication">
        <test-method signature="application()[pri:0, instance:com.tripadvisor.qa.base.LoginApplication@424e1977]" started-at="2021-02-22T19:58:26Z" name="application" finished-at="2021-02-22T19:59:16Z" duration-ms="50672" status="PASS">
          <reporter-output>
          </reporter-output>
        </test-method> <!-- application -->
      </class> <!-- com.tripadvisor.qa.base.LoginApplication -->
    </test> <!-- Default test -->
  </suite> <!-- Default suite -->
</testng-results>
